<?xml version="1.0" encoding="UTF-8"?>
<testng-results skipped="0" failed="0" ignored="0" total="3" passed="3">
  <reporter-output>
  </reporter-output>
  <suite name="Default suite" duration-ms="2690" started-at="2019-11-27T18:31:18 CET" finished-at="2019-11-27T18:31:21 CET">
    <groups>
    </groups>
    <test name="Default test" duration-ms="2690" started-at="2019-11-27T18:31:18 CET" finished-at="2019-11-27T18:31:21 CET">
      <class name="datadriventesting.DataDrivenTest_AddUser">
        <test-method status="PASS" signature="postNewUser(java.lang.String, java.lang.String)[pri:0, instance:datadriventesting.DataDrivenTest_AddUser@5bc79255]" name="postNewUser" duration-ms="1579" started-at="2019-11-27T18:31:19 CET" data-provider="userdataprovider" finished-at="2019-11-27T18:31:21 CET">
          <params>
            <param index="0">
              <value>
                <![CDATA[TKj2]]>
              </value>
            </param>
            <param index="1">
              <value>
                <![CDATA[GoodForNothing]]>
              </value>
            </param>
          </params>
          <reporter-output>
          </reporter-output>
        </test-method> <!-- postNewUser -->
        <test-method status="PASS" signature="postNewUser(java.lang.String, java.lang.String)[pri:0, instance:datadriventesting.DataDrivenTest_AddUser@5bc79255]" name="postNewUser" duration-ms="272" started-at="2019-11-27T18:31:21 CET" data-provider="userdataprovider" finished-at="2019-11-27T18:31:21 CET">
          <params>
            <param index="0">
              <value>
                <![CDATA[LM37EM]]>
              </value>
            </param>
            <param index="1">
              <value>
                <![CDATA[PaRalala]]>
              </value>
            </param>
          </params>
          <reporter-output>
          </reporter-output>
        </test-method> <!-- postNewUser -->
        <test-method status="PASS" signature="postNewUser(java.lang.String, java.lang.String)[pri:0, instance:datadriventesting.DataDrivenTest_AddUser@5bc79255]" name="postNewUser" duration-ms="266" started-at="2019-11-27T18:31:21 CET" data-provider="userdataprovider" finished-at="2019-11-27T18:31:21 CET">
          <params>
            <param index="0">
              <value>
                <![CDATA[EW43]]>
              </value>
            </param>
            <param index="1">
              <value>
                <![CDATA[No7b]]>
              </value>
            </param>
          </params>
          <reporter-output>
          </reporter-output>
        </test-method> <!-- postNewUser -->
      </class> <!-- datadriventesting.DataDrivenTest_AddUser -->
    </test> <!-- Default test -->
  </suite> <!-- Default suite -->
</testng-results>
